 Step 1：加载生成样本和HumanEval问题...
加载完成：共1个任务，样本数=10

 Step 2：开始评估...

===== 开始评估任务 test/0（共10个样本） =====
----- 测试第1个样本 -----

============================== 拼接的测试脚本 ==============================
======================================================================

❌ 第1个样本未通过，错误信息：
stdout: ============================= test session starts ==============================
platform linux -- Python 3.10.18, pytest-8.4.1, pluggy-1.6.0 -- /root/miniconda3/envs/verl/bin/python3.10
cachedir: .pytest_cache
rootdir: /tmp
plugins: hydra-core-1.3.2, anyio-4.9.0
collecting ... collected 1 item

../../tmp/tmpf6tv8juf.py::test_check FAILED                              [100%]

=================================== FAILURES ===================================
__________________________________ test_check __________________________________

    def test_check():
        candidate = return1
>       assert candidate() == 1
E       AssertionError: assert 'a' == 1
E        +  where 'a' = <function return1 at 0x7ffa7617a4d0>()

/tmp/tmpf6tv8juf.py:7: AssertionError
=========================== short test summary info ============================
FAILED ../../tmp/tmpf6tv8juf.py::test_check - AssertionError: assert 'a' == 1
!!!!!!!!!!!!!!!!!!!!!!!!!! stopping after 1 failures !!!!!!!!!!!!!!!!!!!!!!!!!!!
============================== 1 failed in 0.21s ===============================

stderr: 
----- 测试第2个样本 -----

============================== 拼接的测试脚本 ==============================
======================================================================

✅ 第2个样本通过测试！

==================================================
评估结果汇总
--------------------------------------------------
总任务数：1
通过任务数：1

Pass@k指标：
Pass@1：1.0（100.00%）
Pass@10：1.0（100.00%）
==================================================
